
Running 1 test using 1 worker

[1A[2K[1/1] [chromium] â€º tests/e2e/calendar-precision.spec.ts:27:5 â€º Calendar Precision Tests â€º calendar event fractional positioning
[1A[2K  1) [chromium] â€º tests/e2e/calendar-precision.spec.ts:27:5 â€º Calendar Precision Tests â€º calendar event fractional positioning 

    Error: browserType.launch: Target page, context or browser has been closed
    Browser logs:

    <launching> /home/markimus/.cache/ms-playwright/chromium_headless_shell-1200/chrome-headless-shell-linux64/chrome-headless-shell --disable-field-trial-config --disable-background-networking --disable-background-timer-throttling --disable-backgrounding-occluded-windows --disable-back-forward-cache --disable-breakpad --disable-client-side-phishing-detection --disable-component-extensions-with-background-pages --disable-component-update --no-default-browser-check --disable-default-apps --disable-dev-shm-usage --disable-extensions --disable-features=AcceptCHFrame,AvoidUnnecessaryBeforeUnloadCheckSync,DestroyProfileOnBrowserClose,DialMediaRouteProvider,GlobalMediaControls,HttpsUpgrades,LensOverlay,MediaRouter,PaintHolding,ThirdPartyStoragePartitioning,Translate,AutoDeElevate,RenderDocument,OptimizationHints --enable-features=CDPScreenshotNewSurface --allow-pre-commit-input --disable-hang-monitor --disable-ipc-flooding-protection --disable-popup-blocking --disable-prompt-on-repost --disable-renderer-backgrounding --force-color-profile=srgb --metrics-recording-only --no-first-run --password-store=basic --use-mock-keychain --no-service-autorun --export-tagged-pdf --disable-search-engine-choice-screen --unsafely-disable-devtools-self-xss-warnings --edge-skip-compat-layer-relaunch --enable-automation --disable-infobars --disable-search-engine-choice-screen --disable-sync --headless --hide-scrollbars --mute-audio --blink-settings=primaryHoverType=2,availableHoverTypes=2,primaryPointerType=4,availablePointerTypes=4 --no-sandbox --user-data-dir=/tmp/playwright_chromiumdev_profile-YzvVxV --remote-debugging-pipe --no-startup-window
    <launched> pid=8794
    [pid=8794][err] /home/markimus/.cache/ms-playwright/chromium_headless_shell-1200/chrome-headless-shell-linux64/chrome-headless-shell: error while loading shared libraries: libnspr4.so: cannot open shared object file: No such file or directory
    Call log:
    [2m  - <launching> /home/markimus/.cache/ms-playwright/chromium_headless_shell-1200/chrome-headless-shell-linux64/chrome-headless-shell --disable-field-trial-config --disable-background-networking --disable-background-timer-throttling --disable-backgrounding-occluded-windows --disable-back-forward-cache --disable-breakpad --disable-client-side-phishing-detection --disable-component-extensions-with-background-pages --disable-component-update --no-default-browser-check --disable-default-apps --disable-dev-shm-usage --disable-extensions --disable-features=AcceptCHFrame,AvoidUnnecessaryBeforeUnloadCheckSync,DestroyProfileOnBrowserClose,DialMediaRouteProvider,GlobalMediaControls,HttpsUpgrades,LensOverlay,MediaRouter,PaintHolding,ThirdPartyStoragePartitioning,Translate,AutoDeElevate,RenderDocument,OptimizationHints --enable-features=CDPScreenshotNewSurface --allow-pre-commit-input --disable-hang-monitor --disable-ipc-flooding-protection --disable-popup-blocking --disable-prompt-on-repost --disable-renderer-backgrounding --force-color-profile=srgb --metrics-recording-only --no-first-run --password-store=basic --use-mock-keychain --no-service-autorun --export-tagged-pdf --disable-search-engine-choice-screen --unsafely-disable-devtools-self-xss-warnings --edge-skip-compat-layer-relaunch --enable-automation --disable-infobars --disable-search-engine-choice-screen --disable-sync --headless --hide-scrollbars --mute-audio --blink-settings=primaryHoverType=2,availableHoverTypes=2,primaryPointerType=4,availablePointerTypes=4 --no-sandbox --user-data-dir=/tmp/playwright_chromiumdev_profile-YzvVxV --remote-debugging-pipe --no-startup-window[22m
    [2m  - <launched> pid=8794[22m
    [2m  - [pid=8794][err] /home/markimus/.cache/ms-playwright/chromium_headless_shell-1200/chrome-headless-shell-linux64/chrome-headless-shell: error while loading shared libraries: libnspr4.so: cannot open shared object file: No such file or directory[22m
    [2m  - [pid=8794] <gracefully close start>[22m
    [2m  - [pid=8794] <kill>[22m
    [2m  - [pid=8794] <will force kill>[22m
    [2m  - [pid=8794] exception while trying to kill process: Error: kill ESRCH[22m
    [2m  - [pid=8794] <process did exit: exitCode=127, signal=null>[22m
    [2m  - [pid=8794] starting temporary directories cleanup[22m
    [2m  - [pid=8794] finished temporary directories cleanup[22m
    [2m  - [pid=8794] <gracefully close end>[22m



[1A[2K  1 failed
    [chromium] â€º tests/e2e/calendar-precision.spec.ts:27:5 â€º Calendar Precision Tests â€º calendar event fractional positioning 

[36m  Serving HTML report at http://localhost:54433. Press Ctrl+C to quit.[39m
